build/app/intermediates/proguard-rules/release/aapt_rules.txt
# Referenced at full/release/AndroidManifest.xml:33
-keep class io.flutter.app.FlutterApplication { <init>(...); }

# Referenced at full/release/AndroidManifest.xml:50
-keep class io.flutter.plugins.urllauncher.UrlLauncherPlugin$WebViewActivity { <init>(...); }

# Referenced at full/release/AndroidManifest.xml:37
-keep class savvy.flutter.demo.gallery.MainActivity { <init>(...); }