build/app/outputs/mapping/release/seeds.txt
savvy.flutter.demo.gallery.MainActivity
savvy.flutter.demo.gallery.MainActivity: MainActivity()
savvy.flutter.demo.gallery.R$mipmap: int ic_background
savvy.flutter.demo.gallery.R$mipmap: int ic_foreground
savvy.flutter.demo.gallery.R$mipmap: int ic_launcher
...
com.google.android.exoplayer2.metadata.id3.ApicFrame: android.os.Parcelable$Creator CREATOR
com.google.android.exoplayer2.metadata.id3.BinaryFrame: android.os.Parcelable$Creator CREATOR
com.google.android.exoplayer2.metadata.id3.ChapterFrame: android.os.Parcelable$Creator CREATOR
com.google.android.exoplayer2.metadata.id3.ChapterTocFrame: android.os.Parcelable$Creator CREATOR
com.google.android.exoplayer2.metadata.id3.CommentFrame: android.os.Parcelable$Creator CREATOR
com.google.android.exoplayer2.metadata.id3.GeobFrame: android.os.Parcelable$Creator CREATOR
com.google.android.exoplayer2.metadata.id3.PrivFrame: android.os.Parcelable$Creator CREATOR
com.google.android.exoplayer2.metadata.id3.TextInformationFrame: android.os.Parcelable$Creator CREATOR
com.google.android.exoplayer2.metadata.id3.UrlLinkFrame: android.os.Parcelable$Creator CREATOR
com.google.android.exoplayer2.metadata.scte35.PrivateCommand: android.os.Parcelable$Creator CREATOR
com.google.android.exoplayer2.metadata.scte35.SpliceInsertCommand: android.os.Parcelable$Creator CREATOR
com.google.android.exoplayer2.metadata.scte35.SpliceNullCommand: android.os.Parcelable$Creator CREATOR
com.google.android.exoplayer2.metadata.scte35.SpliceScheduleCommand: android.os.Parcelable$Creator CREATOR
com.google.android.exoplayer2.metadata.scte35.TimeSignalCommand: android.os.Parcelable$Creator CREATOR
com.google.android.exoplayer2.source.TrackGroup: android.os.Parcelable$Creator CREATOR
com.google.android.exoplayer2.source.TrackGroupArray: android.os.Parcelable$Creator CREATOR
com.google.android.exoplayer2.trackselection.DefaultTrackSelector$Parameters: android.os.Parcelable$Creator CREATOR
com.google.android.exoplayer2.trackselection.DefaultTrackSelector$SelectionOverride: android.os.Parcelable$Creator CREATOR
com.google.android.exoplayer2.video.ColorInfo: android.os.Parcelable$Creator CREATOR
io.flutter.app.FlutterActivity: FlutterActivity()
io.flutter.app.FlutterApplication
io.flutter.app.FlutterApplication: FlutterApplication()
io.flutter.plugins.urllauncher.UrlLauncherPlugin$WebViewActivity
io.flutter.plugins.urllauncher.UrlLauncherPlugin$WebViewActivity: UrlLauncherPlugin$WebViewActivity()
io.flutter.view.AccessibilityBridge$Action: io.flutter.view.AccessibilityBridge$Action[] values()
io.flutter.view.AccessibilityBridge$Action: io.flutter.view.AccessibilityBridge$Action valueOf(java.lang.String)
io.flutter.view.AccessibilityBridge$Flag: io.flutter.view.AccessibilityBridge$Flag[] values()
io.flutter.view.AccessibilityBridge$Flag: io.flutter.view.AccessibilityBridge$Flag valueOf(java.lang.String)
io.flutter.view.AccessibilityBridge$TextDirection: io.flutter.view.AccessibilityBridge$TextDirection[] values()
io.flutter.view.AccessibilityBridge$TextDirection: io.flutter.view.AccessibilityBridge$TextDirection valueOf(java.lang.String)
io.flutter.view.FlutterCallbackInformation
io.flutter.view.FlutterCallbackInformation: io.flutter.view.FlutterCallbackInformation nativeLookupCallbackInformation(long)
io.flutter.view.FlutterMain
io.flutter.view.FlutterMain: void nativeInit(android.content.Context,java.lang.String[],java.lang.String,java.lang.String)
io.flutter.view.FlutterMain: void nativeRecordStartTimestamp(long)