build/app/outputs/mapping/release/mapping.txt
savvy.flutter.demo.gallery.FlutterGalleryInstrumentation -> savvy.flutter.demo.gallery.a:
    android.os.ConditionVariable testFinished -> a
    void <init>(io.flutter.view.FlutterView) -> <init>
savvy.flutter.demo.gallery.MainActivity -> savvy.flutter.demo.gallery.MainActivity:
    savvy.flutter.demo.gallery.FlutterGalleryInstrumentation instrumentation -> a
    void <init>() -> <init>
    void onCreate(android.os.Bundle) -> onCreate
...
io.flutter.app.FlutterActivityEvents -> io.flutter.app.c:
    void onCreate(android.os.Bundle) -> a
    void onNewIntent(android.content.Intent) -> a
    void onPause() -> b
    void onStart() -> c
    void onResume() -> d
    void onPostResume() -> f
    void onDestroy() -> g
    void onStop() -> e
    boolean onBackPressed() -> h
    void onUserLeaveHint() -> i
io.flutter.app.FlutterApplication -> io.flutter.app.FlutterApplication:
    android.app.Activity mCurrentActivity -> a
    void <init>() -> <init>
    void onCreate() -> onCreate
    android.app.Activity getCurrentActivity() -> a
    void setCurrentActivity(android.app.Activity) -> a
io.flutter.app.FlutterPluginRegistry -> io.flutter.app.d:
    android.app.Activity mActivity -> a
    android.content.Context mAppContext -> b
    io.flutter.view.FlutterNativeView mNativeView -> c
    io.flutter.view.FlutterView mFlutterView -> d
    io.flutter.plugin.platform.PlatformViewsController mPlatformViewsController -> e
    java.util.Map mPluginMap -> f
    java.util.List mRequestPermissionsResultListeners -> g
    java.util.List mActivityResultListeners -> h
    java.util.List mNewIntentListeners -> i
    java.util.List mUserLeaveHintListeners -> j
    java.util.List mViewDestroyListeners -> k
    void <init>(io.flutter.view.FlutterNativeView,android.content.Context) -> <init>
    boolean hasPlugin(java.lang.String) -> a
    io.flutter.plugin.common.PluginRegistry$Registrar registrarFor(java.lang.String) -> b
    void attach(io.flutter.view.FlutterView,android.app.Activity) -> a
    void detach() -> a
    boolean onRequestPermissionsResult(int,java.lang.String[],int[]) -> a
    boolean onActivityResult(int,int,android.content.Intent) -> a
    boolean onNewIntent(android.content.Intent) -> a
    void onUserLeaveHint() -> b
    boolean onViewDestroy(io.flutter.view.FlutterNativeView) -> a
    void destroy() -> c
    android.content.Context access$100(io.flutter.app.FlutterPluginRegistry) -> a
    io.flutter.view.FlutterNativeView access$200(io.flutter.app.FlutterPluginRegistry) -> b
io.flutter.app.FlutterPluginRegistry$FlutterRegistrar -> io.flutter.app.d$a:
    java.lang.String pluginKey -> b
    io.flutter.app.FlutterPluginRegistry this$0 -> a
    void <init>(io.flutter.app.FlutterPluginRegistry,java.lang.String) -> <init>
    android.content.Context context() -> a
    io.flutter.plugin.common.BinaryMessenger messenger() -> b
io.flutter.plugin.common.ActivityLifecycleListener -> io.flutter.a.a.a:
    void onPostResume() -> a
io.flutter.plugin.common.BasicMessageChannel -> io.flutter.a.a.b:
    io.flutter.plugin.common.BinaryMessenger messenger -> b
    java.lang.String name -> c
    io.flutter.plugin.common.MessageCodec codec -> d
    boolean $assertionsDisabled -> a
    void <init>(io.flutter.plugin.common.BinaryMessenger,java.lang.String,io.flutter.plugin.common.MessageCodec) -> <init>
    void send(java.lang.Object) -> a
    void send(java.lang.Object,io.flutter.plugin.common.BasicMessageChannel$Reply) -> a
    void setMessageHandler(io.flutter.plugin.common.BasicMessageChannel$MessageHandler) -> a
    void <clinit>() -> <clinit>
io.flutter.plugin.common.BasicMessageChannel$1 -> io.flutter.a.a.b$1:
io.flutter.plugin.common.BasicMessageChannel$IncomingMessageHandler -> io.flutter.a.a.b$a:
    io.flutter.plugin.common.BasicMessageChannel$MessageHandler handler -> b
    io.flutter.plugin.common.BasicMessageChannel this$0 -> a
    void <init>(io.flutter.plugin.common.BasicMessageChannel,io.flutter.plugin.common.BasicMessageChannel$MessageHandler) -> <init>
    void <init>(io.flutter.plugin.common.BasicMessageChannel,io.flutter.plugin.common.BasicMessageChannel$MessageHandler,io.flutter.plugin.common.BasicMessageChannel$1) -> <init>