build/app/outputs/mapping/release/usage.txt
savvy.flutter.demo.gallery.BuildConfig
savvy.flutter.demo.gallery.FlutterGalleryInstrumentation:
    private volatile boolean testSuccessful
    27:30:public void onMethodCall(io.flutter.plugin.common.MethodCall,io.flutter.plugin.common.MethodChannel$Result)
    33:33:public boolean isTestSuccessful()
    37:38:public void waitForTestToFinish()
savvy.flutter.demo.gallery.MainActivity:
    18:18:public savvy.flutter.demo.gallery.FlutterGalleryInstrumentation getInstrumentation()
savvy.flutter.demo.gallery.R
savvy.flutter.demo.gallery.R$mipmap
...
com.google.android.exoplayer2.extractor.mkv.MatroskaExtractor$Track
com.google.android.exoplayer2.extractor.mkv.MatroskaExtractor$TrueHdSampleRechunker
com.google.android.exoplayer2.extractor.mkv.Sniffer
com.google.android.exoplayer2.extractor.mkv.VarintReader
com.google.android.exoplayer2.extractor.mp3.ConstantBitrateSeeker
com.google.android.exoplayer2.extractor.mp3.Mp3Extractor
com.google.android.exoplayer2.extractor.mp3.Mp3Extractor$1
com.google.android.exoplayer2.extractor.mp3.Mp3Extractor$Flags
com.google.android.exoplayer2.extractor.mp3.Mp3Extractor$Seeker
com.google.android.exoplayer2.extractor.mp3.VbriSeeker
com.google.android.exoplayer2.extractor.mp3.XingSeeker
com.google.android.exoplayer2.extractor.mp4.Atom
com.google.android.exoplayer2.extractor.mp4.Atom$ContainerAtom
com.google.android.exoplayer2.extractor.mp4.Atom$LeafAtom
com.google.android.exoplayer2.extractor.mp4.AtomParsers
com.google.android.exoplayer2.extractor.mp4.AtomParsers$ChunkIterator
com.google.android.exoplayer2.extractor.mp4.AtomParsers$SampleSizeBox
com.google.android.exoplayer2.extractor.mp4.AtomParsers$StsdData
com.google.android.exoplayer2.extractor.mp4.AtomParsers$StszSampleSizeBox
com.google.android.exoplayer2.extractor.mp4.AtomParsers$Stz2SampleSizeBox
com.google.android.exoplayer2.extractor.mp4.AtomParsers$TkhdData
com.google.android.exoplayer2.extractor.mp4.DefaultSampleValues
com.google.android.exoplayer2.extractor.mp4.FixedSampleSizeRechunker
com.google.android.exoplayer2.extractor.mp4.FixedSampleSizeRechunker$1
com.google.android.exoplayer2.extractor.mp4.FixedSampleSizeRechunker$Results
com.google.android.exoplayer2.extractor.mp4.FragmentedMp4Extractor
com.google.android.exoplayer2.extractor.mp4.FragmentedMp4Extractor$1
com.google.android.exoplayer2.extractor.mp4.FragmentedMp4Extractor$Flags
com.google.android.exoplayer2.extractor.mp4.FragmentedMp4Extractor$MetadataSampleInfo
com.google.android.exoplayer2.extractor.mp4.FragmentedMp4Extractor$TrackBundle
com.google.android.exoplayer2.extractor.mp4.MetadataUtil
com.google.android.exoplayer2.extractor.mp4.Mp4Extractor
com.google.android.exoplayer2.extractor.mp4.Mp4Extractor$1
com.google.android.exoplayer2.extractor.mp4.Mp4Extractor$Flags
com.google.android.exoplayer2.extractor.mp4.Mp4Extractor$Mp4Track
com.google.android.exoplayer2.extractor.mp4.PsshAtomUtil
com.google.android.exoplayer2.extractor.mp4.PsshAtomUtil$PsshAtom
com.google.android.exoplayer2.extractor.mp4.Sniffer
com.google.android.exoplayer2.extractor.mp4.Track
com.google.android.exoplayer2.extractor.mp4.Track$Transformation
com.google.android.exoplayer2.extractor.mp4.TrackEncryptionBox
com.google.android.exoplayer2.extractor.mp4.TrackFragment
com.google.android.exoplayer2.extractor.mp4.TrackSampleTable
com.google.android.exoplayer2.extractor.ogg.DefaultOggSeeker
com.google.android.exoplayer2.extractor.ogg.DefaultOggSeeker$1
com.google.android.exoplayer2.extractor.ogg.DefaultOggSeeker$OggSeekMap
com.google.android.exoplayer2.extractor.ogg.FlacReader
com.google.android.exoplayer2.extractor.ogg.FlacReader$FlacOggSeeker
com.google.android.exoplayer2.extractor.ogg.OggExtractor
com.google.android.exoplayer2.extractor.ogg.OggExtractor$1
com.google.android.exoplayer2.extractor.ogg.OggPacket
com.google.android.exoplayer2.extractor.ogg.OggPageHeader
com.google.android.exoplayer2.extractor.ogg.OggSeeker
com.google.android.exoplayer2.extractor.ogg.OpusReader
com.google.android.exoplayer2.extractor.ogg.StreamReader
com.google.android.exoplayer2.extractor.ogg.StreamReader$1
com.google.android.exoplayer2.extractor.ogg.StreamReader$SetupData
com.google.android.exoplayer2.extractor.ogg.StreamReader$UnseekableOggSeeker
com.google.android.exoplayer2.extractor.ogg.VorbisBitArray
com.google.android.exoplayer2.extractor.ogg.VorbisReader
com.google.android.exoplayer2.extractor.ogg.VorbisReader$VorbisSetup
com.google.android.exoplayer2.extractor.ogg.VorbisUtil
com.google.android.exoplayer2.extractor.ogg.VorbisUtil$CodeBook